# JRE version: Java(TM) SE Runtime Environment (8.0_11-b12) (build 1.8.0_11-b12)
# Java VM: Java HotSpot(TM) 64-Bit Server VM (25.11-b03 mixed mode windows-amd64 compressed oops)
Heap:
 PSYoungGen      total 45568K, used 17948K [0x00000000f6100000, 0x00000000f9680000, 0x0000000100000000)
  eden space 41984K, 34% used [0x00000000f6100000,0x00000000f6f0c5d8,0x00000000f8a00000)
  from space 3584K, 99% used [0x00000000f9300000,0x00000000f967aaa8,0x00000000f9680000)
  to   space 4608K, 0% used [0x00000000f8d80000,0x00000000f8d80000,0x00000000f9200000)
 ParOldGen       total 10240K, used 8183K [0x00000000e2200000, 0x00000000e2c00000, 0x00000000f6100000)
  object space 10240K, 79% used [0x00000000e2200000,0x00000000e29fdf20,0x00000000e2c00000)
 Metaspace       used 26668K, capacity 26896K, committed 27136K, reserved 1073152K
  class space    used 3223K, capacity 3304K, committed 3328K, reserved 1048576K
GC Heap History (10 events):
Event: 14.319 GC heap before
{Heap before GC invocations=13 (full 0):
 PSYoungGen      total 21504K, used 20499K [0x00000000f6100000, 0x00000000f7880000, 0x0000000100000000)
  eden space 18944K, 100% used [0x00000000f6100000,0x00000000f7380000,0x00000000f7380000)
  from space 2560K, 60% used [0x00000000f7600000,0x00000000f7784f50,0x00000000f7880000)
  to   space 2560K, 0% used [0x00000000f7380000,0x00000000f7380000,0x00000000f7600000)
 ParOldGen       total 29184K, used 3813K [0x00000000e2200000, 0x00000000e3e80000, 0x00000000f6100000)
  object space 29184K, 13% used [0x00000000e2200000,0x00000000e25b9448,0x00000000e3e80000)
 Metaspace       used 14925K, capacity 15116K, committed 15232K, reserved 1062912K
  class space    used 1798K, capacity 1858K, committed 1920K, reserved 1048576K
Event: 14.324 GC heap after
Heap after GC invocations=13 (full 0):
 PSYoungGen      total 21504K, used 2029K [0x00000000f6100000, 0x00000000f8400000, 0x0000000100000000)
  eden space 18944K, 0% used [0x00000000f6100000,0x00000000f6100000,0x00000000f7380000)
  from space 2560K, 79% used [0x00000000f7380000,0x00000000f757b688,0x00000000f7600000)
  to   space 2560K, 0% used [0x00000000f8180000,0x00000000f8180000,0x00000000f8400000)
 ParOldGen       total 29184K, used 4726K [0x00000000e2200000, 0x00000000e3e80000, 0x00000000f6100000)
  object space 29184K, 16% used [0x00000000e2200000,0x00000000e269d808,0x00000000e3e80000)
 Metaspace       used 14925K, capacity 15116K, committed 15232K, reserved 1062912K
  class space    used 1798K, capacity 1858K, committed 1920K, reserved 1048576K
}
Event: 15.605 GC heap before
{Heap before GC invocations=14 (full 0):
 PSYoungGen      total 21504K, used 20973K [0x00000000f6100000, 0x00000000f8400000, 0x0000000100000000)
  eden space 18944K, 100% used [0x00000000f6100000,0x00000000f7380000,0x00000000f7380000)
  from space 2560K, 79% used [0x00000000f7380000,0x00000000f757b688,0x00000000f7600000)
  to   space 2560K, 0% used [0x00000000f8180000,0x00000000f8180000,0x00000000f8400000)
 ParOldGen       total 29184K, used 4726K [0x00000000e2200000, 0x00000000e3e80000, 0x00000000f6100000)
  object space 29184K, 16% used [0x00000000e2200000,0x00000000e269d808,0x00000000e3e80000)
 Metaspace       used 18194K, capacity 18412K, committed 18688K, reserved 1064960K
  class space    used 2204K, capacity 2274K, committed 2304K, reserved 1048576K
Event: 15.614 GC heap after
Heap after GC invocations=14 (full 0):
 PSYoungGen      total 32256K, used 2552K [0x00000000f6100000, 0x00000000f8600000, 0x0000000100000000)
  eden space 29696K, 0% used [0x00000000f6100000,0x00000000f6100000,0x00000000f7e00000)
  from space 2560K, 99% used [0x00000000f8180000,0x00000000f83fe3d0,0x00000000f8400000)
  to   space 3584K, 0% used [0x00000000f7e00000,0x00000000f7e00000,0x00000000f8180000)
 ParOldGen       total 29184K, used 5624K [0x00000000e2200000, 0x00000000e3e80000, 0x00000000f6100000)
  object space 29184K, 19% used [0x00000000e2200000,0x00000000e277e388,0x00000000e3e80000)
 Metaspace       used 18194K, capacity 18412K, committed 18688K, reserved 1064960K
  class space    used 2204K, capacity 2274K, committed 2304K, reserved 1048576K
}
Event: 17.647 GC heap before
{Heap before GC invocations=15 (full 0):
 PSYoungGen      total 32256K, used 26236K [0x00000000f6100000, 0x00000000f8600000, 0x0000000100000000)
  eden space 29696K, 79% used [0x00000000f6100000,0x00000000f7820e08,0x00000000f7e00000)
  from space 2560K, 99% used [0x00000000f8180000,0x00000000f83fe3d0,0x00000000f8400000)
  to   space 3584K, 0% used [0x00000000f7e00000,0x00000000f7e00000,0x00000000f8180000)
 ParOldGen       total 29184K, used 5624K [0x00000000e2200000, 0x00000000e3e80000, 0x00000000f6100000)
  object space 29184K, 19% used [0x00000000e2200000,0x00000000e277e388,0x00000000e3e80000)
 Metaspace       used 20894K, capacity 21092K, committed 21296K, reserved 1069056K
  class space    used 2560K, capacity 2630K, committed 2688K, reserved 1048576K
Event: 17.655 GC heap after
Heap after GC invocations=15 (full 0):
 PSYoungGen      total 33280K, used 2643K [0x00000000f6100000, 0x00000000f9680000, 0x0000000100000000)
  eden space 29696K, 0% used [0x00000000f6100000,0x00000000f6100000,0x00000000f7e00000)
  from space 3584K, 73% used [0x00000000f7e00000,0x00000000f8094ca0,0x00000000f8180000)
  to   space 3584K, 0% used [0x00000000f9300000,0x00000000f9300000,0x00000000f9680000)
 ParOldGen       total 29184K, used 6629K [0x00000000e2200000, 0x00000000e3e80000, 0x00000000f6100000)
  object space 29184K, 22% used [0x00000000e2200000,0x00000000e2879608,0x00000000e3e80000)
 Metaspace       used 20894K, capacity 21092K, committed 21296K, reserved 1069056K
  class space    used 2560K, capacity 2630K, committed 2688K, reserved 1048576K
}
Event: 17.655 GC heap before
{Heap before GC invocations=16 (full 1):
 PSYoungGen      total 33280K, used 2643K [0x00000000f6100000, 0x00000000f9680000, 0x0000000100000000)
  eden space 29696K, 0% used [0x00000000f6100000,0x00000000f6100000,0x00000000f7e00000)
  from space 3584K, 73% used [0x00000000f7e00000,0x00000000f8094ca0,0x00000000f8180000)
  to   space 3584K, 0% used [0x00000000f9300000,0x00000000f9300000,0x00000000f9680000)
 ParOldGen       total 29184K, used 6629K [0x00000000e2200000, 0x00000000e3e80000, 0x00000000f6100000)
  object space 29184K, 22% used [0x00000000e2200000,0x00000000e2879608,0x00000000e3e80000)
 Metaspace       used 20894K, capacity 21092K, committed 21296K, reserved 1069056K
  class space    used 2560K, capacity 2630K, committed 2688K, reserved 1048576K
Event: 17.748 GC heap after
Heap after GC invocations=16 (full 1):
 PSYoungGen      total 33280K, used 0K [0x00000000f6100000, 0x00000000f9680000, 0x0000000100000000)
  eden space 29696K, 0% used [0x00000000f6100000,0x00000000f6100000,0x00000000f7e00000)
  from space 3584K, 0% used [0x00000000f7e00000,0x00000000f7e00000,0x00000000f8180000)
  to   space 3584K, 0% used [0x00000000f9300000,0x00000000f9300000,0x00000000f9680000)
 ParOldGen       total 10240K, used 7685K [0x00000000e2200000, 0x00000000e2c00000, 0x00000000f6100000)
  object space 10240K, 75% used [0x00000000e2200000,0x00000000e29816d0,0x00000000e2c00000)
 Metaspace       used 20894K, capacity 21092K, committed 21296K, reserved 1069056K
  class space    used 2560K, capacity 2630K, committed 2688K, reserved 1048576K
}
Event: 20.253 GC heap before
{Heap before GC invocations=17 (full 1):
 PSYoungGen      total 33280K, used 29696K [0x00000000f6100000, 0x00000000f9680000, 0x0000000100000000)
  eden space 29696K, 100% used [0x00000000f6100000,0x00000000f7e00000,0x00000000f7e00000)
  from space 3584K, 0% used [0x00000000f7e00000,0x00000000f7e00000,0x00000000f8180000)
  to   space 3584K, 0% used [0x00000000f9300000,0x00000000f9300000,0x00000000f9680000)
 ParOldGen       total 10240K, used 7685K [0x00000000e2200000, 0x00000000e2c00000, 0x00000000f6100000)
  object space 10240K, 75% used [0x00000000e2200000,0x00000000e29816d0,0x00000000e2c00000)
 Metaspace       used 25083K, capacity 25296K, committed 25472K, reserved 1071104K
  class space    used 3032K, capacity 3112K, committed 3200K, reserved 1048576K
Event: 20.262 GC heap after
Heap after GC invocations=17 (full 1):
 PSYoungGen      total 45568K, used 3562K [0x00000000f6100000, 0x00000000f9680000, 0x0000000100000000)
  eden space 41984K, 0% used [0x00000000f6100000,0x00000000f6100000,0x00000000f8a00000)
  from space 3584K, 99% used [0x00000000f9300000,0x00000000f967aaa8,0x00000000f9680000)
  to   space 4608K, 0% used [0x00000000f8d80000,0x00000000f8d80000,0x00000000f9200000)
 ParOldGen       total 10240K, used 8183K [0x00000000e2200000, 0x00000000e2c00000, 0x00000000f6100000)
  object space 10240K, 79% used [0x00000000e2200000,0x00000000e29fdf20,0x00000000e2c00000)
 Metaspace       used 25083K, capacity 25296K, committed 25472K, reserved 1071104K
  class space    used 3032K, capacity 3112K, committed 3200K, reserved 1048576K
}

